<?xml version="1.0" encoding="UTF-8"?>
<!-- Generated by org.testng.reporters.JUnitXMLReporter -->
<testsuite ignored="0" hostname="DESKTOP-8104O1D" failures="0" tests="3" name="Test" time="89.233" errors="0" timestamp="2022-06-14T21:54:32 ART">
  <testcase classname="utils.test1" name="buscarAlojamiento" time="26.056"/>
  <testcase classname="utils.test1" name="buscarAlojamiento" time="21.117"/>
  <testcase classname="utils.test1" name="buscarAlojamiento" time="21.034"/>
</testsuite> <!-- Test -->
