<?xml version="1.0" encoding="UTF-8"?>
<testng-results ignored="0" total="2" passed="2" failed="0" skipped="0">
  <reporter-output>
  </reporter-output>
  <suite started-at="2022-06-16T14:12:05 ART" name="Default suite" finished-at="2022-06-16T14:13:06 ART" duration-ms="60469">
    <groups>
    </groups>
    <test started-at="2022-06-16T14:12:05 ART" name="Default test" finished-at="2022-06-16T14:13:06 ART" duration-ms="60469">
      <class name="com.selenium.test.test1">
        <test-method is-config="true" signature="abrir()[pri:0, instance:com.selenium.test.test1@6134ac4a]" started-at="2022-06-16T14:12:05 ART" name="abrir" finished-at="2022-06-16T14:12:12 ART" duration-ms="6680" status="PASS">
          <reporter-output>
          </reporter-output>
        </test-method> <!-- abrir -->
        <test-method signature="buscarAlojamiento(java.lang.String)[pri:0, instance:com.selenium.test.test1@6134ac4a]" started-at="2022-06-16T14:12:12 ART" name="buscarAlojamiento" description="Validar Despegar" data-provider="providerLugares" finished-at="2022-06-16T14:12:36 ART" duration-ms="23816" status="PASS">
          <params>
            <param index="0">
              <value>
                <![CDATA[La Plata, Buenos Aires]]>
              </value>
            </param>
          </params>
          <reporter-output>
          </reporter-output>
        </test-method> <!-- buscarAlojamiento -->
        <test-method is-config="true" signature="cerrar()[pri:0, instance:com.selenium.test.test1@6134ac4a]" started-at="2022-06-16T14:12:36 ART" name="cerrar" finished-at="2022-06-16T14:12:36 ART" duration-ms="67" status="PASS">
          <reporter-output>
          </reporter-output>
        </test-method> <!-- cerrar -->
        <test-method is-config="true" signature="abrir()[pri:0, instance:com.selenium.test.test1@6134ac4a]" started-at="2022-06-16T14:12:36 ART" name="abrir" finished-at="2022-06-16T14:12:41 ART" duration-ms="5323" status="PASS">
          <reporter-output>
          </reporter-output>
        </test-method> <!-- abrir -->
        <test-method signature="buscarAlojamiento(java.lang.String)[pri:0, instance:com.selenium.test.test1@6134ac4a]" started-at="2022-06-16T14:12:41 ART" name="buscarAlojamiento" description="Validar Despegar" data-provider="providerLugares" finished-at="2022-06-16T14:13:06 ART" duration-ms="24441" status="PASS">
          <params>
            <param index="0">
              <value>
                <![CDATA[Tafí del Valle, Tucumán]]>
              </value>
            </param>
          </params>
          <reporter-output>
          </reporter-output>
        </test-method> <!-- buscarAlojamiento -->
        <test-method is-config="true" signature="cerrar()[pri:0, instance:com.selenium.test.test1@6134ac4a]" started-at="2022-06-16T14:13:06 ART" name="cerrar" finished-at="2022-06-16T14:13:06 ART" duration-ms="65" status="PASS">
          <reporter-output>
          </reporter-output>
        </test-method> <!-- cerrar -->
      </class> <!-- com.selenium.test.test1 -->
    </test> <!-- Default test -->
  </suite> <!-- Default suite -->
</testng-results>
